<?xml version="1.0" encoding="UTF-8"?>
<testsuite name="com.example.study.repository.ItemRepositoryTest" tests="1" skipped="0" failures="0" errors="0" timestamp="2022-10-26T08:33:47" hostname="MSI" time="0.34">
  <properties/>
  <testcase name="read()" classname="com.example.study.repository.ItemRepositoryTest" time="0.34"/>
  <system-out><![CDATA[17:33:42.867 [Test worker] DEBUG org.springframework.test.context.BootstrapUtils - Instantiating CacheAwareContextLoaderDelegate from class [org.springframework.test.context.cache.DefaultCacheAwareContextLoaderDelegate]
17:33:42.879 [Test worker] DEBUG org.springframework.test.context.BootstrapUtils - Instantiating BootstrapContext using constructor [public org.springframework.test.context.support.DefaultBootstrapContext(java.lang.Class,org.springframework.test.context.CacheAwareContextLoaderDelegate)]
17:33:42.918 [Test worker] DEBUG org.springframework.test.context.BootstrapUtils - Instantiating TestContextBootstrapper for test class [com.example.study.repository.ItemRepositoryTest] from class [org.springframework.boot.test.context.SpringBootTestContextBootstrapper]
17:33:42.931 [Test worker] INFO org.springframework.boot.test.context.SpringBootTestContextBootstrapper - Neither @ContextConfiguration nor @ContextHierarchy found for test class [com.example.study.repository.ItemRepositoryTest], using SpringBootContextLoader
17:33:42.938 [Test worker] DEBUG org.springframework.test.context.support.AbstractContextLoader - Did not detect default resource location for test class [com.example.study.repository.ItemRepositoryTest]: class path resource [com/example/study/repository/ItemRepositoryTest-context.xml] does not exist
17:33:42.939 [Test worker] DEBUG org.springframework.test.context.support.AbstractContextLoader - Did not detect default resource location for test class [com.example.study.repository.ItemRepositoryTest]: class path resource [com/example/study/repository/ItemRepositoryTestContext.groovy] does not exist
17:33:42.939 [Test worker] INFO org.springframework.test.context.support.AbstractContextLoader - Could not detect default resource locations for test class [com.example.study.repository.ItemRepositoryTest]: no resource found for suffixes {-context.xml, Context.groovy}.
17:33:42.940 [Test worker] INFO org.springframework.test.context.support.AnnotationConfigContextLoaderUtils - Could not detect default configuration classes for test class [com.example.study.repository.ItemRepositoryTest]: ItemRepositoryTest does not declare any static, non-private, non-final, nested classes annotated with @Configuration.
17:33:42.988 [Test worker] DEBUG org.springframework.test.context.support.ActiveProfilesUtils - Could not find an 'annotation declaring class' for annotation type [org.springframework.test.context.ActiveProfiles] and class [com.example.study.repository.ItemRepositoryTest]
17:33:43.063 [Test worker] DEBUG org.springframework.context.annotation.ClassPathScanningCandidateComponentProvider - Identified candidate component class: file [C:\Users\kkddy\OneDrive\문서\jpa_study_admin\build\classes\java\main\com\example\study\StudyApplication.class]
17:33:43.065 [Test worker] INFO org.springframework.boot.test.context.SpringBootTestContextBootstrapper - Found @SpringBootConfiguration com.example.study.StudyApplication for test class com.example.study.repository.ItemRepositoryTest
17:33:43.176 [Test worker] DEBUG org.springframework.boot.test.context.SpringBootTestContextBootstrapper - @TestExecutionListeners is not present for class [com.example.study.repository.ItemRepositoryTest]: using defaults.
17:33:43.177 [Test worker] INFO org.springframework.boot.test.context.SpringBootTestContextBootstrapper - Loaded default TestExecutionListener class names from location [META-INF/spring.factories]: [org.springframework.boot.test.autoconfigure.restdocs.RestDocsTestExecutionListener, org.springframework.boot.test.autoconfigure.web.client.MockRestServiceServerResetTestExecutionListener, org.springframework.boot.test.autoconfigure.web.servlet.MockMvcPrintOnlyOnFailureTestExecutionListener, org.springframework.boot.test.autoconfigure.web.servlet.WebDriverTestExecutionListener, org.springframework.boot.test.autoconfigure.webservices.client.MockWebServiceServerTestExecutionListener, org.springframework.boot.test.mock.mockito.MockitoTestExecutionListener, org.springframework.boot.test.mock.mockito.ResetMocksTestExecutionListener, org.springframework.test.context.web.ServletTestExecutionListener, org.springframework.test.context.support.DirtiesContextBeforeModesTestExecutionListener, org.springframework.test.context.event.ApplicationEventsTestExecutionListener, org.springframework.test.context.support.DependencyInjectionTestExecutionListener, org.springframework.test.context.support.DirtiesContextTestExecutionListener, org.springframework.test.context.transaction.TransactionalTestExecutionListener, org.springframework.test.context.jdbc.SqlScriptsTestExecutionListener, org.springframework.test.context.event.EventPublishingTestExecutionListener]
17:33:43.195 [Test worker] INFO org.springframework.boot.test.context.SpringBootTestContextBootstrapper - Using TestExecutionListeners: [org.springframework.test.context.web.ServletTestExecutionListener@592e843a, org.springframework.test.context.support.DirtiesContextBeforeModesTestExecutionListener@1d1f7216, org.springframework.test.context.event.ApplicationEventsTestExecutionListener@423e4cbb, org.springframework.boot.test.mock.mockito.MockitoTestExecutionListener@6e16b8b5, org.springframework.boot.test.autoconfigure.SpringBootDependencyInjectionTestExecutionListener@43b4fe19, org.springframework.test.context.support.DirtiesContextTestExecutionListener@25ddbbbb, org.springframework.test.context.transaction.TransactionalTestExecutionListener@1536602f, org.springframework.test.context.jdbc.SqlScriptsTestExecutionListener@4ebea12c, org.springframework.test.context.event.EventPublishingTestExecutionListener@2a1edad4, org.springframework.boot.test.autoconfigure.restdocs.RestDocsTestExecutionListener@6256ac4f, org.springframework.boot.test.autoconfigure.web.client.MockRestServiceServerResetTestExecutionListener@44c79f32, org.springframework.boot.test.autoconfigure.web.servlet.MockMvcPrintOnlyOnFailureTestExecutionListener@7fcbe147, org.springframework.boot.test.autoconfigure.web.servlet.WebDriverTestExecutionListener@235f4c10, org.springframework.boot.test.autoconfigure.webservices.client.MockWebServiceServerTestExecutionListener@743cb8e0, org.springframework.boot.test.mock.mockito.ResetMocksTestExecutionListener@c7a975a]
17:33:43.200 [Test worker] DEBUG org.springframework.test.context.support.AbstractDirtiesContextTestExecutionListener - Before test class: context [DefaultTestContext@119f1f2a testClass = ItemRepositoryTest, testInstance = [null], testMethod = [null], testException = [null], mergedContextConfiguration = [WebMergedContextConfiguration@1a1da881 testClass = ItemRepositoryTest, locations = '{}', classes = '{class com.example.study.StudyApplication}', contextInitializerClasses = '[]', activeProfiles = '{}', propertySourceLocations = '{}', propertySourceProperties = '{org.springframework.boot.test.context.SpringBootTestContextBootstrapper=true}', contextCustomizers = set[org.springframework.boot.test.autoconfigure.actuate.metrics.MetricsExportContextCustomizerFactory$DisableMetricExportContextCustomizer@24111ef1, org.springframework.boot.test.autoconfigure.properties.PropertyMappingContextCustomizer@0, org.springframework.boot.test.autoconfigure.web.servlet.WebDriverContextCustomizerFactory$Customizer@3a0baae5, org.springframework.boot.test.context.filter.ExcludeFilterContextCustomizer@403f0a22, org.springframework.boot.test.json.DuplicateJsonObjectContextCustomizerFactory$DuplicateJsonObjectContextCustomizer@77825085, org.springframework.boot.test.mock.mockito.MockitoContextCustomizer@0, org.springframework.boot.test.web.client.TestRestTemplateContextCustomizer@176b3f44, org.springframework.boot.test.context.SpringBootTestArgs@1, org.springframework.boot.test.context.SpringBootTestWebEnvironment@d29f28], resourceBasePath = 'src/main/webapp', contextLoader = 'org.springframework.boot.test.context.SpringBootContextLoader', parent = [null]], attributes = map['org.springframework.test.context.web.ServletTestExecutionListener.activateListener' -> true]], class annotated with @DirtiesContext [false] with mode [null].

  .   ____          _            __ _ _
 /\\ / ___'_ __ _ _(_)_ __  __ _ \ \ \ \
( ( )\___ | '_ | '_| | '_ \/ _` | \ \ \ \
 \\/  ___)| |_)| | | | | || (_| |  ) ) ) )
  '  |____| .__|_| |_|_| |_\__, | / / / /
 =========|_|==============|___/=/_/_/_/
 :: Spring Boot ::                (v2.7.3)

2022-10-26 17:33:43.516  INFO 28896 --- [    Test worker] c.e.study.repository.ItemRepositoryTest  : Starting ItemRepositoryTest using Java 18.0.1.1 on MSI with PID 28896 (started by kkddy in C:\Users\kkddy\OneDrive\문서\jpa_study_admin)
2022-10-26 17:33:43.517  INFO 28896 --- [    Test worker] c.e.study.repository.ItemRepositoryTest  : No active profile set, falling back to 1 default profile: "default"
2022-10-26 17:33:44.206  INFO 28896 --- [    Test worker] .s.d.r.c.RepositoryConfigurationDelegate : Bootstrapping Spring Data JPA repositories in DEFAULT mode.
2022-10-26 17:33:44.283  INFO 28896 --- [    Test worker] .s.d.r.c.RepositoryConfigurationDelegate : Finished Spring Data repository scanning in 64 ms. Found 3 JPA repository interfaces.
2022-10-26 17:33:44.845  INFO 28896 --- [    Test worker] com.zaxxer.hikari.HikariDataSource       : HikariPool-1 - Starting...
2022-10-26 17:33:45.303  INFO 28896 --- [    Test worker] com.zaxxer.hikari.HikariDataSource       : HikariPool-1 - Start completed.
2022-10-26 17:33:45.384  INFO 28896 --- [    Test worker] o.hibernate.jpa.internal.util.LogHelper  : HHH000204: Processing PersistenceUnitInfo [name: default]
2022-10-26 17:33:45.443  INFO 28896 --- [    Test worker] org.hibernate.Version                    : HHH000412: Hibernate ORM core version 5.6.10.Final
2022-10-26 17:33:45.682  INFO 28896 --- [    Test worker] o.hibernate.annotations.common.Version   : HCANN000001: Hibernate Commons Annotations {5.1.2.Final}
2022-10-26 17:33:45.884  INFO 28896 --- [    Test worker] org.hibernate.dialect.Dialect            : HHH000400: Using dialect: org.hibernate.dialect.MySQL8Dialect
2022-10-26 17:33:46.572  INFO 28896 --- [    Test worker] o.h.e.t.j.p.i.JtaPlatformInitiator       : HHH000490: Using JtaPlatform implementation: [org.hibernate.engine.transaction.jta.platform.internal.NoJtaPlatform]
2022-10-26 17:33:46.580  INFO 28896 --- [    Test worker] j.LocalContainerEntityManagerFactoryBean : Initialized JPA EntityManagerFactory for persistence unit 'default'
2022-10-26 17:33:46.841  WARN 28896 --- [    Test worker] JpaBaseConfiguration$JpaWebConfiguration : spring.jpa.open-in-view is enabled by default. Therefore, database queries may be performed during view rendering. Explicitly configure spring.jpa.open-in-view to disable this warning
2022-10-26 17:33:47.856  INFO 28896 --- [    Test worker] c.e.study.repository.ItemRepositoryTest  : Started ItemRepositoryTest in 4.617 seconds (JVM running for 5.938)
Hibernate: select item0_.id as id1_0_0_, item0_.content as content2_0_0_, item0_.name as name3_0_0_, item0_.price as price4_0_0_, orderdetai1_.item_id as item_id3_1_1_, orderdetai1_.id as id1_1_1_, orderdetai1_.id as id1_1_2_, orderdetai1_.item_id as item_id3_1_2_, orderdetai1_.order_at as order_at2_1_2_, orderdetai1_.user_id as user_id4_1_2_, user2_.id as id1_2_3_, user2_.account as account2_2_3_, user2_.created_at as created_3_2_3_, user2_.created_by as created_4_2_3_, user2_.email as email5_2_3_, user2_.phone_number as phone_nu6_2_3_, user2_.updated_at as updated_7_2_3_, user2_.updated_by as updated_8_2_3_ from item item0_ left outer join order_detail orderdetai1_ on item0_.id=orderdetai1_.item_id left outer join user user2_ on orderdetai1_.user_id=user2_.id where item0_.id=?
]]></system-out>
  <system-err><![CDATA[]]></system-err>
</testsuite>
