<?xml version="1.0" encoding="UTF-8"?>
<testsuite name="com.example.study.repository.UserRepositoryTest" tests="1" skipped="0" failures="0" errors="0" timestamp="2022-10-26T06:01:41" hostname="MSI" time="0.445">
  <properties/>
  <testcase name="delete()" classname="com.example.study.repository.UserRepositoryTest" time="0.445"/>
  <system-out><![CDATA[15:01:36.238 [Test worker] DEBUG org.springframework.test.context.BootstrapUtils - Instantiating CacheAwareContextLoaderDelegate from class [org.springframework.test.context.cache.DefaultCacheAwareContextLoaderDelegate]
15:01:36.249 [Test worker] DEBUG org.springframework.test.context.BootstrapUtils - Instantiating BootstrapContext using constructor [public org.springframework.test.context.support.DefaultBootstrapContext(java.lang.Class,org.springframework.test.context.CacheAwareContextLoaderDelegate)]
15:01:36.287 [Test worker] DEBUG org.springframework.test.context.BootstrapUtils - Instantiating TestContextBootstrapper for test class [com.example.study.repository.UserRepositoryTest] from class [org.springframework.boot.test.context.SpringBootTestContextBootstrapper]
15:01:36.301 [Test worker] INFO org.springframework.boot.test.context.SpringBootTestContextBootstrapper - Neither @ContextConfiguration nor @ContextHierarchy found for test class [com.example.study.repository.UserRepositoryTest], using SpringBootContextLoader
15:01:36.306 [Test worker] DEBUG org.springframework.test.context.support.AbstractContextLoader - Did not detect default resource location for test class [com.example.study.repository.UserRepositoryTest]: class path resource [com/example/study/repository/UserRepositoryTest-context.xml] does not exist
15:01:36.307 [Test worker] DEBUG org.springframework.test.context.support.AbstractContextLoader - Did not detect default resource location for test class [com.example.study.repository.UserRepositoryTest]: class path resource [com/example/study/repository/UserRepositoryTestContext.groovy] does not exist
15:01:36.307 [Test worker] INFO org.springframework.test.context.support.AbstractContextLoader - Could not detect default resource locations for test class [com.example.study.repository.UserRepositoryTest]: no resource found for suffixes {-context.xml, Context.groovy}.
15:01:36.307 [Test worker] INFO org.springframework.test.context.support.AnnotationConfigContextLoaderUtils - Could not detect default configuration classes for test class [com.example.study.repository.UserRepositoryTest]: UserRepositoryTest does not declare any static, non-private, non-final, nested classes annotated with @Configuration.
15:01:36.354 [Test worker] DEBUG org.springframework.test.context.support.ActiveProfilesUtils - Could not find an 'annotation declaring class' for annotation type [org.springframework.test.context.ActiveProfiles] and class [com.example.study.repository.UserRepositoryTest]
15:01:36.425 [Test worker] DEBUG org.springframework.context.annotation.ClassPathScanningCandidateComponentProvider - Identified candidate component class: file [C:\Users\kkddy\OneDrive\문서\jpa_study_admin\build\classes\java\main\com\example\study\StudyApplication.class]
15:01:36.427 [Test worker] INFO org.springframework.boot.test.context.SpringBootTestContextBootstrapper - Found @SpringBootConfiguration com.example.study.StudyApplication for test class com.example.study.repository.UserRepositoryTest
15:01:36.542 [Test worker] DEBUG org.springframework.boot.test.context.SpringBootTestContextBootstrapper - @TestExecutionListeners is not present for class [com.example.study.repository.UserRepositoryTest]: using defaults.
15:01:36.543 [Test worker] INFO org.springframework.boot.test.context.SpringBootTestContextBootstrapper - Loaded default TestExecutionListener class names from location [META-INF/spring.factories]: [org.springframework.boot.test.autoconfigure.restdocs.RestDocsTestExecutionListener, org.springframework.boot.test.autoconfigure.web.client.MockRestServiceServerResetTestExecutionListener, org.springframework.boot.test.autoconfigure.web.servlet.MockMvcPrintOnlyOnFailureTestExecutionListener, org.springframework.boot.test.autoconfigure.web.servlet.WebDriverTestExecutionListener, org.springframework.boot.test.autoconfigure.webservices.client.MockWebServiceServerTestExecutionListener, org.springframework.boot.test.mock.mockito.MockitoTestExecutionListener, org.springframework.boot.test.mock.mockito.ResetMocksTestExecutionListener, org.springframework.test.context.web.ServletTestExecutionListener, org.springframework.test.context.support.DirtiesContextBeforeModesTestExecutionListener, org.springframework.test.context.event.ApplicationEventsTestExecutionListener, org.springframework.test.context.support.DependencyInjectionTestExecutionListener, org.springframework.test.context.support.DirtiesContextTestExecutionListener, org.springframework.test.context.transaction.TransactionalTestExecutionListener, org.springframework.test.context.jdbc.SqlScriptsTestExecutionListener, org.springframework.test.context.event.EventPublishingTestExecutionListener]
15:01:36.567 [Test worker] INFO org.springframework.boot.test.context.SpringBootTestContextBootstrapper - Using TestExecutionListeners: [org.springframework.test.context.web.ServletTestExecutionListener@305f031, org.springframework.test.context.support.DirtiesContextBeforeModesTestExecutionListener@592e843a, org.springframework.test.context.event.ApplicationEventsTestExecutionListener@1d1f7216, org.springframework.boot.test.mock.mockito.MockitoTestExecutionListener@423e4cbb, org.springframework.boot.test.autoconfigure.SpringBootDependencyInjectionTestExecutionListener@6e16b8b5, org.springframework.test.context.support.DirtiesContextTestExecutionListener@43b4fe19, org.springframework.test.context.transaction.TransactionalTestExecutionListener@25ddbbbb, org.springframework.test.context.jdbc.SqlScriptsTestExecutionListener@1536602f, org.springframework.test.context.event.EventPublishingTestExecutionListener@4ebea12c, org.springframework.boot.test.autoconfigure.restdocs.RestDocsTestExecutionListener@2a1edad4, org.springframework.boot.test.autoconfigure.web.client.MockRestServiceServerResetTestExecutionListener@6256ac4f, org.springframework.boot.test.autoconfigure.web.servlet.MockMvcPrintOnlyOnFailureTestExecutionListener@44c79f32, org.springframework.boot.test.autoconfigure.web.servlet.WebDriverTestExecutionListener@7fcbe147, org.springframework.boot.test.autoconfigure.webservices.client.MockWebServiceServerTestExecutionListener@235f4c10, org.springframework.boot.test.mock.mockito.ResetMocksTestExecutionListener@743cb8e0]
15:01:36.571 [Test worker] DEBUG org.springframework.test.context.support.AbstractDirtiesContextTestExecutionListener - Before test class: context [DefaultTestContext@3d08f3f5 testClass = UserRepositoryTest, testInstance = [null], testMethod = [null], testException = [null], mergedContextConfiguration = [WebMergedContextConfiguration@119f1f2a testClass = UserRepositoryTest, locations = '{}', classes = '{class com.example.study.StudyApplication}', contextInitializerClasses = '[]', activeProfiles = '{}', propertySourceLocations = '{}', propertySourceProperties = '{org.springframework.boot.test.context.SpringBootTestContextBootstrapper=true}', contextCustomizers = set[org.springframework.boot.test.autoconfigure.actuate.metrics.MetricsExportContextCustomizerFactory$DisableMetricExportContextCustomizer@1fde5d22, org.springframework.boot.test.autoconfigure.properties.PropertyMappingContextCustomizer@0, org.springframework.boot.test.autoconfigure.web.servlet.WebDriverContextCustomizerFactory$Customizer@289710d9, org.springframework.boot.test.context.filter.ExcludeFilterContextCustomizer@4c51cf28, org.springframework.boot.test.json.DuplicateJsonObjectContextCustomizerFactory$DuplicateJsonObjectContextCustomizer@71c27ee8, org.springframework.boot.test.mock.mockito.MockitoContextCustomizer@0, org.springframework.boot.test.web.client.TestRestTemplateContextCustomizer@421bba99, org.springframework.boot.test.context.SpringBootTestArgs@1, org.springframework.boot.test.context.SpringBootTestWebEnvironment@29d89d5d], resourceBasePath = 'src/main/webapp', contextLoader = 'org.springframework.boot.test.context.SpringBootContextLoader', parent = [null]], attributes = map['org.springframework.test.context.web.ServletTestExecutionListener.activateListener' -> true]], class annotated with @DirtiesContext [false] with mode [null].

  .   ____          _            __ _ _
 /\\ / ___'_ __ _ _(_)_ __  __ _ \ \ \ \
( ( )\___ | '_ | '_| | '_ \/ _` | \ \ \ \
 \\/  ___)| |_)| | | | | || (_| |  ) ) ) )
  '  |____| .__|_| |_|_| |_\__, | / / / /
 =========|_|==============|___/=/_/_/_/
 :: Spring Boot ::                (v2.7.3)

2022-10-26 15:01:36.874  INFO 27340 --- [    Test worker] c.e.study.repository.UserRepositoryTest  : Starting UserRepositoryTest using Java 18.0.1.1 on MSI with PID 27340 (started by kkddy in C:\Users\kkddy\OneDrive\문서\jpa_study_admin)
2022-10-26 15:01:36.875  INFO 27340 --- [    Test worker] c.e.study.repository.UserRepositoryTest  : No active profile set, falling back to 1 default profile: "default"
2022-10-26 15:01:37.571  INFO 27340 --- [    Test worker] .s.d.r.c.RepositoryConfigurationDelegate : Bootstrapping Spring Data JPA repositories in DEFAULT mode.
2022-10-26 15:01:37.624  INFO 27340 --- [    Test worker] .s.d.r.c.RepositoryConfigurationDelegate : Finished Spring Data repository scanning in 44 ms. Found 1 JPA repository interfaces.
2022-10-26 15:01:38.269  INFO 27340 --- [    Test worker] com.zaxxer.hikari.HikariDataSource       : HikariPool-1 - Starting...
2022-10-26 15:01:38.745  INFO 27340 --- [    Test worker] com.zaxxer.hikari.HikariDataSource       : HikariPool-1 - Start completed.
2022-10-26 15:01:38.822  INFO 27340 --- [    Test worker] o.hibernate.jpa.internal.util.LogHelper  : HHH000204: Processing PersistenceUnitInfo [name: default]
2022-10-26 15:01:38.887  INFO 27340 --- [    Test worker] org.hibernate.Version                    : HHH000412: Hibernate ORM core version 5.6.10.Final
2022-10-26 15:01:39.123  INFO 27340 --- [    Test worker] o.hibernate.annotations.common.Version   : HCANN000001: Hibernate Commons Annotations {5.1.2.Final}
2022-10-26 15:01:39.318  INFO 27340 --- [    Test worker] org.hibernate.dialect.Dialect            : HHH000400: Using dialect: org.hibernate.dialect.MySQL8Dialect
2022-10-26 15:01:39.945  INFO 27340 --- [    Test worker] o.h.e.t.j.p.i.JtaPlatformInitiator       : HHH000490: Using JtaPlatform implementation: [org.hibernate.engine.transaction.jta.platform.internal.NoJtaPlatform]
2022-10-26 15:01:39.956  INFO 27340 --- [    Test worker] j.LocalContainerEntityManagerFactoryBean : Initialized JPA EntityManagerFactory for persistence unit 'default'
2022-10-26 15:01:40.226  WARN 27340 --- [    Test worker] JpaBaseConfiguration$JpaWebConfiguration : spring.jpa.open-in-view is enabled by default. Therefore, database queries may be performed during view rendering. Explicitly configure spring.jpa.open-in-view to disable this warning
2022-10-26 15:01:41.175  INFO 27340 --- [    Test worker] c.e.study.repository.UserRepositoryTest  : Started UserRepositoryTest in 4.571 seconds (JVM running for 5.922)
Hibernate: select user0_.id as id1_0_0_, user0_.account as account2_0_0_, user0_.created_at as created_3_0_0_, user0_.created_by as created_4_0_0_, user0_.email as email5_0_0_, user0_.phone_number as phone_nu6_0_0_, user0_.updated_at as updated_7_0_0_, user0_.updated_by as updated_8_0_0_ from user user0_ where user0_.id=?
Hibernate: select user0_.id as id1_0_0_, user0_.account as account2_0_0_, user0_.created_at as created_3_0_0_, user0_.created_by as created_4_0_0_, user0_.email as email5_0_0_, user0_.phone_number as phone_nu6_0_0_, user0_.updated_at as updated_7_0_0_, user0_.updated_by as updated_8_0_0_ from user user0_ where user0_.id=?
Hibernate: delete from user where id=?
Hibernate: select user0_.id as id1_0_0_, user0_.account as account2_0_0_, user0_.created_at as created_3_0_0_, user0_.created_by as created_4_0_0_, user0_.email as email5_0_0_, user0_.phone_number as phone_nu6_0_0_, user0_.updated_at as updated_7_0_0_, user0_.updated_by as updated_8_0_0_ from user user0_ where user0_.id=?
데이터 삭제 데이터 없음
]]></system-out>
  <system-err><![CDATA[]]></system-err>
</testsuite>
